<?xml version="1.0" encoding="UTF-8"?>
<testng-results skipped="0" failed="0" total="1" passed="1">
  <reporter-output>
  </reporter-output>
  <suite name="Default suite" duration-ms="3537" started-at="2020-09-10T05:34:53Z" finished-at="2020-09-10T05:34:57Z">
    <groups>
      <group name="cucumber">
        <method signature="AbstractTestNGCucumberTests.feature(cucumber.api.testng.CucumberFeatureWrapper)[pri:0, instance:com.org.runner.Runner@69504ae9]" name="feature" class="cucumber.api.testng.AbstractTestNGCucumberTests"/>
      </group> <!-- cucumber -->
    </groups>
    <test name="Default test" duration-ms="3537" started-at="2020-09-10T05:34:53Z" finished-at="2020-09-10T05:34:57Z">
      <class name="com.org.runner.Runner">
        <test-method status="PASS" signature="configureSystemUnderTest()[pri:0, instance:com.org.runner.Runner@69504ae9]" name="configureSystemUnderTest" is-config="true" duration-ms="572" started-at="2020-09-09T22:34:54Z" finished-at="2020-09-09T22:34:54Z">
          <reporter-output>
          </reporter-output>
        </test-method> <!-- configureSystemUnderTest -->
        <test-method status="PASS" signature="setUpClass()[pri:0, instance:com.org.runner.Runner@69504ae9]" name="setUpClass" is-config="true" duration-ms="182" started-at="2020-09-09T22:34:54Z" finished-at="2020-09-09T22:34:54Z">
          <reporter-output>
          </reporter-output>
        </test-method> <!-- setUpClass -->
        <test-method status="PASS" signature="feature(cucumber.api.testng.CucumberFeatureWrapper)[pri:0, instance:com.org.runner.Runner@69504ae9]" name="feature" duration-ms="2689" started-at="2020-09-09T22:34:54Z" description="Runs Cucumber Feature" data-provider="features" finished-at="2020-09-09T22:34:57Z">
          <params>
            <param index="0">
              <value>
                <![CDATA[Test CRUD methods in sample student REST API Testing]]>
              </value>
            </param>
          </params>
          <reporter-output>
          </reporter-output>
        </test-method> <!-- feature -->
        <test-method status="PASS" signature="tearDownClass()[pri:0, instance:com.org.runner.Runner@69504ae9]" name="tearDownClass" is-config="true" duration-ms="9" started-at="2020-09-09T22:34:57Z" finished-at="2020-09-09T22:34:57Z">
          <reporter-output>
          </reporter-output>
        </test-method> <!-- tearDownClass -->
        <test-method status="PASS" signature="teardown()[pri:0, instance:com.org.runner.Runner@69504ae9]" name="teardown" is-config="true" duration-ms="8" started-at="2020-09-09T22:34:57Z" finished-at="2020-09-09T22:34:57Z">
          <reporter-output>
          </reporter-output>
        </test-method> <!-- teardown -->
      </class> <!-- com.org.runner.Runner -->
    </test> <!-- Default test -->
  </suite> <!-- Default suite -->
</testng-results>
