<?xml version="1.0" encoding="UTF-8"?>
<!-- Generated by org.testng.reporters.JUnitXMLReporter -->
<testsuite hostname="SHARMILA" ignored="1" name="Default test" tests="4" failures="0" timestamp="19 Aug 2020 16:17:40 GMT" time="3.799" errors="0">
  <testcase name="getRequest_Returns_ListOf_AllCars" time="1.762" classname="com.org.wiremock.tesla.rentalcartests.RentalCarsTest"/>
  <testcase name="getRequest_Returns_TeslaCarsWith_BlueColor_And_Notes" time="0.73" classname="com.org.wiremock.tesla.rentalcartests.RentalCarsTest"/>
  <testcase name="getRequest_Returns_CarsOf_Lowest_PerDayRent_WithPriceAnd_WithPriceAfterDiscount" time="0.545" classname="com.org.wiremock.tesla.rentalcartests.RentalCarsTest"/>
  <testcase name="getRequest_Returns_CarsWith_HighestRevenue_ForFullYear" time="0.692" classname="com.org.wiremock.tesla.rentalcartests.RentalCarsTest"/>
  <testcase name="getRequest_Returns_CarsWith_Lowest_PerDayRent" time="0.0" classname="com.org.wiremock.tesla.rentalcartests.RentalCarsTest">
    <ignored/>
  </testcase> <!-- getRequest_Returns_CarsWith_Lowest_PerDayRent -->
</testsuite> <!-- Default test -->
