<?xml version="1.0" encoding="UTF-8"?>
<testng-results skipped="0" failed="0" ignored="0" total="1" passed="1">
  <reporter-output>
  </reporter-output>
  <suite name="Default suite" duration-ms="62066" started-at="2020-09-03T06:40:45Z" finished-at="2020-09-03T06:41:47Z">
    <groups>
      <group name="cucumber">
        <method signature="AbstractTestNGCucumberTests.feature(cucumber.api.testng.CucumberFeatureWrapper)[pri:0, instance:com.org.Testrunner.Runner@1fc2b765]" name="feature" class="cucumber.api.testng.AbstractTestNGCucumberTests"/>
      </group> <!-- cucumber -->
    </groups>
    <test name="Default test" duration-ms="62066" started-at="2020-09-03T06:40:45Z" finished-at="2020-09-03T06:41:47Z">
      <class name="com.org.Testrunner.Runner">
        <test-method status="PASS" signature="setUpClass()[pri:0, instance:com.org.Testrunner.Runner@1fc2b765]" name="setUpClass" is-config="true" duration-ms="549" started-at="2020-09-03T06:40:45Z" finished-at="2020-09-03T06:40:45Z">
          <reporter-output>
          </reporter-output>
        </test-method> <!-- setUpClass -->
        <test-method status="PASS" signature="feature(cucumber.api.testng.CucumberFeatureWrapper)[pri:0, instance:com.org.Testrunner.Runner@1fc2b765]" name="feature" duration-ms="61259" started-at="2020-09-03T06:40:45Z" description="Runs Cucumber Feature" data-provider="features" finished-at="2020-09-03T06:41:47Z">
          <params>
            <param index="0">
              <value>
                <![CDATA[checking funtionality of search button for  list of homes]]>
              </value>
            </param>
          </params>
          <reporter-output>
          </reporter-output>
        </test-method> <!-- feature -->
        <test-method status="PASS" signature="tearDownClass()[pri:0, instance:com.org.Testrunner.Runner@1fc2b765]" name="tearDownClass" is-config="true" duration-ms="86" started-at="2020-09-03T06:41:47Z" finished-at="2020-09-03T06:41:47Z">
          <reporter-output>
          </reporter-output>
        </test-method> <!-- tearDownClass -->
      </class> <!-- com.org.Testrunner.Runner -->
    </test> <!-- Default test -->
  </suite> <!-- Default suite -->
</testng-results>
