<?xml version="1.0" encoding="UTF-8"?>
<testng-results skipped="0" failed="0" ignored="1" total="5" passed="4">
  <reporter-output>
  </reporter-output>
  <suite name="Default suite" duration-ms="3799" started-at="2020-08-19T16:17:36Z" finished-at="2020-08-19T16:17:40Z">
    <groups>
    </groups>
    <test name="Default test" duration-ms="3799" started-at="2020-08-19T16:17:36Z" finished-at="2020-08-19T16:17:40Z">
      <class name="com.org.wiremock.tesla.rentalcartests.RentalCarsTest">
        <test-method status="PASS" signature="setupWiremockServer()[pri:0, instance:com.org.wiremock.tesla.rentalcartests.RentalCarsTest@335eadca]" name="setupWiremockServer" is-config="true" duration-ms="1179" started-at="2020-08-19T16:17:35Z" finished-at="2020-08-19T16:17:36Z">
          <reporter-output>
          </reporter-output>
        </test-method> <!-- setupWiremockServer -->
        <test-method status="PASS" signature="getmappingsRequestAndResponseForRentalCars()[pri:0, instance:com.org.wiremock.tesla.rentalcartests.RentalCarsTest@335eadca]" name="getmappingsRequestAndResponseForRentalCars" is-config="true" duration-ms="48" started-at="2020-08-19T16:17:36Z" finished-at="2020-08-19T16:17:36Z">
          <reporter-output>
          </reporter-output>
        </test-method> <!-- getmappingsRequestAndResponseForRentalCars -->
        <test-method status="PASS" signature="getRequest_Returns_ListOf_AllCars()[pri:1, instance:com.org.wiremock.tesla.rentalcartests.RentalCarsTest@335eadca]" name="getRequest_Returns_ListOf_AllCars" duration-ms="1762" started-at="2020-08-19T16:17:36Z" finished-at="2020-08-19T16:17:38Z">
          <reporter-output>
          </reporter-output>
        </test-method> <!-- getRequest_Returns_ListOf_AllCars -->
        <test-method status="PASS" signature="getRequest_Returns_TeslaCarsWith_BlueColor_And_Notes()[pri:2, instance:com.org.wiremock.tesla.rentalcartests.RentalCarsTest@335eadca]" name="getRequest_Returns_TeslaCarsWith_BlueColor_And_Notes" duration-ms="730" started-at="2020-08-19T16:17:38Z" finished-at="2020-08-19T16:17:39Z">
          <reporter-output>
          </reporter-output>
        </test-method> <!-- getRequest_Returns_TeslaCarsWith_BlueColor_And_Notes -->
        <test-method status="PASS" signature="getRequest_Returns_CarsOf_Lowest_PerDayRent_WithPriceAnd_WithPriceAfterDiscount()[pri:4, instance:com.org.wiremock.tesla.rentalcartests.RentalCarsTest@335eadca]" name="getRequest_Returns_CarsOf_Lowest_PerDayRent_WithPriceAnd_WithPriceAfterDiscount" duration-ms="545" started-at="2020-08-19T16:17:39Z" finished-at="2020-08-19T16:17:39Z">
          <reporter-output>
          </reporter-output>
        </test-method> <!-- getRequest_Returns_CarsOf_Lowest_PerDayRent_WithPriceAnd_WithPriceAfterDiscount -->
        <test-method status="PASS" signature="getRequest_Returns_CarsWith_HighestRevenue_ForFullYear()[pri:6, instance:com.org.wiremock.tesla.rentalcartests.RentalCarsTest@335eadca]" name="getRequest_Returns_CarsWith_HighestRevenue_ForFullYear" duration-ms="692" started-at="2020-08-19T16:17:39Z" finished-at="2020-08-19T16:17:40Z">
          <reporter-output>
          </reporter-output>
        </test-method> <!-- getRequest_Returns_CarsWith_HighestRevenue_ForFullYear -->
        <test-method status="PASS" signature="teardown()[pri:0, instance:com.org.wiremock.tesla.rentalcartests.RentalCarsTest@335eadca]" name="teardown" is-config="true" duration-ms="12" started-at="2020-08-19T16:17:40Z" finished-at="2020-08-19T16:17:40Z">
          <reporter-output>
          </reporter-output>
        </test-method> <!-- teardown -->
      </class> <!-- com.org.wiremock.tesla.rentalcartests.RentalCarsTest -->
    </test> <!-- Default test -->
  </suite> <!-- Default suite -->
</testng-results>
